Test9/test9/build/app/intermediates/manifest_merge_blame_file/debug/manifest-merger-blame-debug-report.txt
1<?xml version="1.0" encoding="utf-8"?>
2<manifest xmlns:android="http://schemas.android.com/apk/res/android"
3    package="com.firebase.CRUD"
4    android:versionCode="1"
5    android:versionName="1.0.0" >
6
7    <uses-sdk
8        android:minSdkVersion="21"
9        android:targetSdkVersion="29" />
10    <!--
11         Flutter needs it to communicate with the running application
12         to allow setting breakpoints, to provide hot reload, etc.
13    -->
14    <uses-permission android:name="android.permission.INTERNET" />
14-->src\debug\AndroidManifest.xml:6:5-66
14-->src\debug\AndroidManifest.xml:6:22-64
15    <uses-permission android:name="android.permission.CAMERA" />
15-->[:flutter_barcode_scanner] AndroidManifest.xml:9:5-65
15-->[:flutter_barcode_scanner] AndroidManifest.xml:9:22-62
16
17    <uses-feature android:name="android.hardware.camera" />
17-->[:flutter_barcode_scanner] AndroidManifest.xml:11:5-60
17-->[:flutter_barcode_scanner] AndroidManifest.xml:11:19-57
18
19    <uses-permission android:name="android.permission.FLASHLIGHT" />
19-->[:flutter_barcode_scanner] AndroidManifest.xml:13:5-69
19-->[:flutter_barcode_scanner] AndroidManifest.xml:13:22-66
20    <uses-permission android:name="android.permission.READ_EXTERNAL_STORAGE" />
20-->[:image_picker] AndroidManifest.xml:7:5-80
20-->[:image_picker] AndroidManifest.xml:7:22-77
21    <uses-permission android:name="android.permission.WRITE_EXTERNAL_STORAGE" />
21-->[:image_picker] AndroidManifest.xml:8:5-81
21-->[:image_picker] AndroidManifest.xml:8:22-78
22    <uses-permission android:name="android.permission.ACCESS_NETWORK_STATE" />
22-->[com.google.firebase:firebase-auth:20.0.2] AndroidManifest.xml:24:5-79
22-->[com.google.firebase:firebase-auth:20.0.2] AndroidManifest.xml:24:22-76
23    <uses-permission android:name="android.permission.WAKE_LOCK" />
23-->[com.google.android.gms:play-services-measurement-api:18.0.2] AndroidManifest.xml:24:5-68
23-->[com.google.android.gms:play-services-measurement-api:18.0.2] AndroidManifest.xml:24:22-65
24    <uses-permission android:name="com.google.android.finsky.permission.BIND_GET_INSTALL_REFERRER_SERVICE" />
24-->[com.google.android.gms:play-services-measurement:18.0.2] AndroidManifest.xml:26:5-110
24-->[com.google.android.gms:play-services-measurement:18.0.2] AndroidManifest.xml:26:22-107
25    <!--
26 io.flutter.app.FlutterApplication is an android.app.Application that
27         calls FlutterMain.startInitialization(this); in its onCreate method.
28         In most cases you can leave this as-is, but you if you want to provide
29         additional functionality it is fine to subclass or reimplement
30         FlutterApplication and put your custom class here.
31    -->
32    <application
32-->src\main\AndroidManifest.xml:8:5-46:19
33        android:name="io.flutter.app.FlutterApplication"
33-->src\main\AndroidManifest.xml:9:9-57
34        android:appComponentFactory="androidx.core.app.CoreComponentFactory"
34-->[androidx.core:core:1.1.0] AndroidManifest.xml:24:18-86
35        android:debuggable="true"
36        android:icon="@mipmap/ic_launcher"
36-->src\main\AndroidManifest.xml:11:9-43
37        android:label="FlutterBetterJSKAWAKS"
37-->src\main\AndroidManifest.xml:10:9-46
38        android:theme="@style/Theme.AppCompat.NoActionBar" >
38-->[:flutter_barcode_scanner] AndroidManifest.xml:15:18-68
39        <activity
39-->src\main\AndroidManifest.xml:12:9-40:20
40            android:name="com.example.test9.MainActivity"
40-->src\main\AndroidManifest.xml:13:13-41
41            android:configChanges="orientation|keyboardHidden|keyboard|screenSize|smallestScreenSize|locale|layoutDirection|fontScale|screenLayout|density|uiMode"
41-->src\main\AndroidManifest.xml:16:13-163
42            android:hardwareAccelerated="true"
42-->src\main\AndroidManifest.xml:17:13-47
43            android:launchMode="singleTop"
43-->src\main\AndroidManifest.xml:14:13-43
44            android:theme="@style/LaunchTheme"
44-->src\main\AndroidManifest.xml:15:13-47
45            android:windowSoftInputMode="adjustResize" >
45-->src\main\AndroidManifest.xml:18:13-55
46
47            <!--
48                 Specifies an Android theme to apply to this Activity as soon as
49                 the Android process has started. This theme is visible to the user
50                 while the Flutter UI initializes. After that, this theme continues
51                 to determine the Window background behind the Flutter UI.
52            -->
53            <meta-data
53-->src\main\AndroidManifest.xml:23:13-26:17
54                android:name="io.flutter.embedding.android.NormalTheme"
54-->src\main\AndroidManifest.xml:24:15-70
55                android:resource="@style/NormalTheme" />
55-->src\main\AndroidManifest.xml:25:15-52
56            <!--
57                 Displays an Android View that continues showing the launch screen
58                 Drawable until Flutter paints its first frame, then this splash
59                 screen fades out. A splash screen is useful to avoid any visual
60                 gap between the end of Android's launch screen and the painting of
61                 Flutter's first frame.
62            -->
63            <meta-data
63-->src\main\AndroidManifest.xml:32:13-35:17
64                android:name="io.flutter.embedding.android.SplashScreenDrawable"
64-->src\main\AndroidManifest.xml:33:15-79
65                android:resource="@drawable/launch_background" />
65-->src\main\AndroidManifest.xml:34:15-61
66
67            <intent-filter>
67-->src\main\AndroidManifest.xml:36:13-39:29
68                <action android:name="android.intent.action.MAIN" />
68-->src\main\AndroidManifest.xml:37:17-68
68-->src\main\AndroidManifest.xml:37:25-66
69
70                <category android:name="android.intent.category.LAUNCHER" />
70-->src\main\AndroidManifest.xml:38:17-76
70-->src\main\AndroidManifest.xml:38:27-74
71            </intent-filter>
72        </activity>
73        <!--
74             Don't delete the meta-data below.
75             This is used by the Flutter tool to generate GeneratedPluginRegistrant.java
76        -->
77        <meta-data
77-->src\main\AndroidManifest.xml:43:9-45:33
78            android:name="flutterEmbedding"
78-->src\main\AndroidManifest.xml:44:13-44
79            android:value="2" />
79-->src\main\AndroidManifest.xml:45:13-30
80
81        <service
81-->[:firebase_storage] AndroidManifest.xml:8:9-12:19
82            android:name="com.google.firebase.components.ComponentDiscoveryService"
82-->[:firebase_storage] AndroidManifest.xml:8:18-89
83            android:directBootAware="true"
83-->[com.google.firebase:firebase-common:19.5.0] AndroidManifest.xml:35:13-43
84            android:exported="false" >
84-->[com.google.firebase:firebase-analytics-ktx:18.0.2] AndroidManifest.xml:10:13-37
85            <meta-data
85-->[:firebase_storage] AndroidManifest.xml:9:13-11:85
86                android:name="com.google.firebase.components:io.flutter.plugins.firebase.storage.FlutterFirebaseAppRegistrar"
86-->[:firebase_storage] AndroidManifest.xml:10:17-126
87                android:value="com.google.firebase.components.ComponentRegistrar" />
87-->[:firebase_storage] AndroidManifest.xml:11:17-82
88            <meta-data
88-->[:firebase_auth] AndroidManifest.xml:9:13-11:85
89                android:name="com.google.firebase.components:io.flutter.plugins.firebaseauth.FlutterFirebaseAppRegistrar"
89-->[:firebase_auth] AndroidManifest.xml:10:17-122
90                android:value="com.google.firebase.components.ComponentRegistrar" />
90-->[:firebase_auth] AndroidManifest.xml:11:17-82
91            <meta-data
91-->[:cloud_firestore] AndroidManifest.xml:9:13-11:85
92                android:name="com.google.firebase.components:io.flutter.plugins.firebase.cloudfirestore.FlutterFirebaseAppRegistrar"
92-->[:cloud_firestore] AndroidManifest.xml:10:17-133
93                android:value="com.google.firebase.components.ComponentRegistrar" />
93-->[:cloud_firestore] AndroidManifest.xml:11:17-82
94            <meta-data
94-->[:firebase_core] AndroidManifest.xml:9:13-11:85
95                android:name="com.google.firebase.components:io.flutter.plugins.firebase.core.FlutterFirebaseAppRegistrar"
95-->[:firebase_core] AndroidManifest.xml:10:17-123
96                android:value="com.google.firebase.components.ComponentRegistrar" />
96-->[:firebase_core] AndroidManifest.xml:11:17-82
97            <meta-data
97-->[com.google.firebase:firebase-analytics-ktx:18.0.2] AndroidManifest.xml:11:13-13:85
98                android:name="com.google.firebase.components:com.google.firebase.analytics.ktx.FirebaseAnalyticsKtxRegistrar"
98-->[com.google.firebase:firebase-analytics-ktx:18.0.2] AndroidManifest.xml:12:17-126
99                android:value="com.google.firebase.components.ComponentRegistrar" />
99-->[com.google.firebase:firebase-analytics-ktx:18.0.2] AndroidManifest.xml:13:17-82
100            <meta-data
100-->[com.google.firebase:firebase-common-ktx:19.5.0] AndroidManifest.xml:15:13-17:85
101                android:name="com.google.firebase.components:com.google.firebase.ktx.FirebaseCommonKtxRegistrar"
101-->[com.google.firebase:firebase-common-ktx:19.5.0] AndroidManifest.xml:16:17-113
102                android:value="com.google.firebase.components.ComponentRegistrar" />
102-->[com.google.firebase:firebase-common-ktx:19.5.0] AndroidManifest.xml:17:17-82
103            <meta-data
103-->[com.google.firebase:firebase-auth:20.0.2] AndroidManifest.xml:77:13-79:85
104                android:name="com.google.firebase.components:com.google.firebase.auth.FirebaseAuthRegistrar"
104-->[com.google.firebase:firebase-auth:20.0.2] AndroidManifest.xml:78:17-109
105                android:value="com.google.firebase.components.ComponentRegistrar" />
105-->[com.google.firebase:firebase-auth:20.0.2] AndroidManifest.xml:79:17-82
106            <meta-data
106-->[com.google.firebase:firebase-storage:19.2.1] AndroidManifest.xml:33:13-35:85
107                android:name="com.google.firebase.components:com.google.firebase.storage.StorageRegistrar"
107-->[com.google.firebase:firebase-storage:19.2.1] AndroidManifest.xml:34:17-107
108                android:value="com.google.firebase.components.ComponentRegistrar" />
108-->[com.google.firebase:firebase-storage:19.2.1] AndroidManifest.xml:35:17-82
109            <meta-data
109-->[com.google.firebase:firebase-firestore:22.1.0] AndroidManifest.xml:20:13-22:85
110                android:name="com.google.firebase.components:com.google.firebase.firestore.FirestoreRegistrar"
110-->[com.google.firebase:firebase-firestore:22.1.0] AndroidManifest.xml:21:17-111
111                android:value="com.google.firebase.components.ComponentRegistrar" />
111-->[com.google.firebase:firebase-firestore:22.1.0] AndroidManifest.xml:22:17-82
112            <meta-data
112-->[com.google.android.gms:play-services-measurement-api:18.0.2] AndroidManifest.xml:30:13-32:85
113                android:name="com.google.firebase.components:com.google.firebase.analytics.connector.internal.AnalyticsConnectorRegistrar"
113-->[com.google.android.gms:play-services-measurement-api:18.0.2] AndroidManifest.xml:31:17-139
114                android:value="com.google.firebase.components.ComponentRegistrar" />
114-->[com.google.android.gms:play-services-measurement-api:18.0.2] AndroidManifest.xml:32:17-82
115            <meta-data
115-->[com.google.firebase:firebase-installations:16.3.5] AndroidManifest.xml:18:13-20:85
116                android:name="com.google.firebase.components:com.google.firebase.installations.FirebaseInstallationsRegistrar"
116-->[com.google.firebase:firebase-installations:16.3.5] AndroidManifest.xml:19:17-127
117                android:value="com.google.firebase.components.ComponentRegistrar" />
117-->[com.google.firebase:firebase-installations:16.3.5] AndroidManifest.xml:20:17-82
118            <!--
119                This registrar is not defined in the dynamic-module-support sdk itself to allow non-firebase
120                clients to use it as well, by defining this registrar in their own core/common library.
121            -->
122            <meta-data
122-->[com.google.firebase:firebase-common:19.5.0] AndroidManifest.xml:43:13-45:85
123                android:name="com.google.firebase.components:com.google.firebase.dynamicloading.DynamicLoadingRegistrar"
123-->[com.google.firebase:firebase-common:19.5.0] AndroidManifest.xml:44:17-121
124                android:value="com.google.firebase.components.ComponentRegistrar" />
124-->[com.google.firebase:firebase-common:19.5.0] AndroidManifest.xml:45:17-82
125        </service>
126
127        <activity android:name="com.amolg.flutterbarcodescanner.BarcodeCaptureActivity" />
127-->[:flutter_barcode_scanner] AndroidManifest.xml:16:9-91
127-->[:flutter_barcode_scanner] AndroidManifest.xml:16:19-88
128
129        <provider
129-->[:image_picker] AndroidManifest.xml:11:9-19:20
130            android:name="io.flutter.plugins.imagepicker.ImagePickerFileProvider"
130-->[:image_picker] AndroidManifest.xml:12:13-82
131            android:authorities="com.firebase.CRUD.flutter.image_provider"
131-->[:image_picker] AndroidManifest.xml:13:13-74
132            android:exported="false"
132-->[:image_picker] AndroidManifest.xml:14:13-37
133            android:grantUriPermissions="true" >
133-->[:image_picker] AndroidManifest.xml:15:13-47
134            <meta-data
134-->[:image_picker] AndroidManifest.xml:16:13-18:75
135                android:name="android.support.FILE_PROVIDER_PATHS"
135-->[:image_picker] AndroidManifest.xml:17:17-67
136                android:resource="@xml/flutter_image_picker_file_paths" />
136-->[:image_picker] AndroidManifest.xml:18:17-72
137        </provider>
138
139        <activity
139-->[com.google.firebase:firebase-auth:20.0.2] AndroidManifest.xml:27:9-44:20
140            android:name="com.google.firebase.auth.internal.GenericIdpActivity"
140-->[com.google.firebase:firebase-auth:20.0.2] AndroidManifest.xml:28:13-80
141            android:excludeFromRecents="true"
141-->[com.google.firebase:firebase-auth:20.0.2] AndroidManifest.xml:29:13-46
142            android:exported="true"
142-->[com.google.firebase:firebase-auth:20.0.2] AndroidManifest.xml:30:13-36
143            android:launchMode="singleTask"
143-->[com.google.firebase:firebase-auth:20.0.2] AndroidManifest.xml:31:13-44
144            android:theme="@android:style/Theme.Translucent.NoTitleBar" >
144-->[com.google.firebase:firebase-auth:20.0.2] AndroidManifest.xml:32:13-72
145            <intent-filter>
145-->[com.google.firebase:firebase-auth:20.0.2] AndroidManifest.xml:33:13-43:29
146                <action android:name="android.intent.action.VIEW" />
146-->[com.google.firebase:firebase-auth:20.0.2] AndroidManifest.xml:34:17-69
146-->[com.google.firebase:firebase-auth:20.0.2] AndroidManifest.xml:34:25-66
147
148                <category android:name="android.intent.category.DEFAULT" />
148-->[com.google.firebase:firebase-auth:20.0.2] AndroidManifest.xml:36:17-76
148-->[com.google.firebase:firebase-auth:20.0.2] AndroidManifest.xml:36:27-73
149                <category android:name="android.intent.category.BROWSABLE" />
149-->[com.google.firebase:firebase-auth:20.0.2] AndroidManifest.xml:37:17-78
149-->[com.google.firebase:firebase-auth:20.0.2] AndroidManifest.xml:37:27-75
150
151                <data
151-->[com.google.firebase:firebase-auth:20.0.2] AndroidManifest.xml:39:17-42:51
152                    android:host="firebase.auth"
152-->[com.google.firebase:firebase-auth:20.0.2] AndroidManifest.xml:40:21-49
153                    android:path="/"
153-->[com.google.firebase:firebase-auth:20.0.2] AndroidManifest.xml:41:21-37
154                    android:scheme="genericidp" />
154-->[com.google.firebase:firebase-auth:20.0.2] AndroidManifest.xml:42:21-48
155            </intent-filter>
156        </activity>
157        <activity
157-->[com.google.firebase:firebase-auth:20.0.2] AndroidManifest.xml:45:9-62:20
158            android:name="com.google.firebase.auth.internal.RecaptchaActivity"
158-->[com.google.firebase:firebase-auth:20.0.2] AndroidManifest.xml:46:13-79
159            android:excludeFromRecents="true"
159-->[com.google.firebase:firebase-auth:20.0.2] AndroidManifest.xml:47:13-46
160            android:exported="true"
160-->[com.google.firebase:firebase-auth:20.0.2] AndroidManifest.xml:48:13-36
161            android:launchMode="singleTask"
161-->[com.google.firebase:firebase-auth:20.0.2] AndroidManifest.xml:49:13-44
162            android:theme="@android:style/Theme.Translucent.NoTitleBar" >
162-->[com.google.firebase:firebase-auth:20.0.2] AndroidManifest.xml:50:13-72
163            <intent-filter>
163-->[com.google.firebase:firebase-auth:20.0.2] AndroidManifest.xml:51:13-61:29
164                <action android:name="android.intent.action.VIEW" />
164-->[com.google.firebase:firebase-auth:20.0.2] AndroidManifest.xml:34:17-69
164-->[com.google.firebase:firebase-auth:20.0.2] AndroidManifest.xml:34:25-66
165
166                <category android:name="android.intent.category.DEFAULT" />
166-->[com.google.firebase:firebase-auth:20.0.2] AndroidManifest.xml:36:17-76
166-->[com.google.firebase:firebase-auth:20.0.2] AndroidManifest.xml:36:27-73
167                <category android:name="android.intent.category.BROWSABLE" />
167-->[com.google.firebase:firebase-auth:20.0.2] AndroidManifest.xml:37:17-78
167-->[com.google.firebase:firebase-auth:20.0.2] AndroidManifest.xml:37:27-75
168
169                <data
169-->[com.google.firebase:firebase-auth:20.0.2] AndroidManifest.xml:39:17-42:51
170                    android:host="firebase.auth"
170-->[com.google.firebase:firebase-auth:20.0.2] AndroidManifest.xml:40:21-49
171                    android:path="/"
171-->[com.google.firebase:firebase-auth:20.0.2] AndroidManifest.xml:41:21-37
172                    android:scheme="recaptcha" />
172-->[com.google.firebase:firebase-auth:20.0.2] AndroidManifest.xml:42:21-48
173            </intent-filter>
174        </activity>
175
176        <service
176-->[com.google.firebase:firebase-auth:20.0.2] AndroidManifest.xml:64:9-73:19
177            android:name="com.google.firebase.auth.api.fallback.service.FirebaseAuthFallbackService"
177-->[com.google.firebase:firebase-auth:20.0.2] AndroidManifest.xml:65:13-101
178            android:enabled="true"
178-->[com.google.firebase:firebase-auth:20.0.2] AndroidManifest.xml:66:13-35
179            android:exported="false" >
179-->[com.google.firebase:firebase-auth:20.0.2] AndroidManifest.xml:67:13-37
180            <intent-filter>
180-->[com.google.firebase:firebase-auth:20.0.2] AndroidManifest.xml:68:13-72:29
181                <action android:name="com.google.firebase.auth.api.gms.service.START" />
181-->[com.google.firebase:firebase-auth:20.0.2] AndroidManifest.xml:69:17-89
181-->[com.google.firebase:firebase-auth:20.0.2] AndroidManifest.xml:69:25-86
182
183                <category android:name="android.intent.category.DEFAULT" />
183-->[com.google.firebase:firebase-auth:20.0.2] AndroidManifest.xml:36:17-76
183-->[com.google.firebase:firebase-auth:20.0.2] AndroidManifest.xml:36:27-73
184            </intent-filter>
185        </service>
186
187        <activity
187-->[com.google.android.gms:play-services-auth:16.0.1] AndroidManifest.xml:23:9-27:75
188            android:name="com.google.android.gms.auth.api.signin.internal.SignInHubActivity"
188-->[com.google.android.gms:play-services-auth:16.0.1] AndroidManifest.xml:24:13-93
189            android:excludeFromRecents="true"
189-->[com.google.android.gms:play-services-auth:16.0.1] AndroidManifest.xml:25:13-46
190            android:exported="false"
190-->[com.google.android.gms:play-services-auth:16.0.1] AndroidManifest.xml:26:13-37
191            android:theme="@android:style/Theme.Translucent.NoTitleBar" />
191-->[com.google.android.gms:play-services-auth:16.0.1] AndroidManifest.xml:27:13-72
192        <!--
193            Service handling Google Sign-In user revocation. For apps that do not integrate with
194            Google Sign-In, this service will never be started.
195        -->
196        <service
196-->[com.google.android.gms:play-services-auth:16.0.1] AndroidManifest.xml:33:9-36:110
197            android:name="com.google.android.gms.auth.api.signin.RevocationBoundService"
197-->[com.google.android.gms:play-services-auth:16.0.1] AndroidManifest.xml:34:13-89
198            android:exported="true"
198-->[com.google.android.gms:play-services-auth:16.0.1] AndroidManifest.xml:35:13-36
199            android:permission="com.google.android.gms.auth.api.signin.permission.REVOCATION_NOTIFICATION" />
199-->[com.google.android.gms:play-services-auth:16.0.1] AndroidManifest.xml:36:13-107
200
201        <activity
201-->[com.google.android.gms:play-services-base:17.1.0] AndroidManifest.xml:23:9-26:75
202            android:name="com.google.android.gms.common.api.GoogleApiActivity"
202-->[com.google.android.gms:play-services-base:17.1.0] AndroidManifest.xml:24:13-79
203            android:exported="false"
203-->[com.google.android.gms:play-services-base:17.1.0] AndroidManifest.xml:25:13-37
204            android:theme="@android:style/Theme.Translucent.NoTitleBar" />
204-->[com.google.android.gms:play-services-base:17.1.0] AndroidManifest.xml:26:13-72
205
206        <provider
206-->[com.google.firebase:firebase-common:19.5.0] AndroidManifest.xml:26:9-31:39
207            android:name="com.google.firebase.provider.FirebaseInitProvider"
207-->[com.google.firebase:firebase-common:19.5.0] AndroidManifest.xml:27:13-77
208            android:authorities="com.firebase.CRUD.firebaseinitprovider"
208-->[com.google.firebase:firebase-common:19.5.0] AndroidManifest.xml:28:13-72
209            android:directBootAware="true"
209-->[com.google.firebase:firebase-common:19.5.0] AndroidManifest.xml:29:13-43
210            android:exported="false"
210-->[com.google.firebase:firebase-common:19.5.0] AndroidManifest.xml:30:13-37
211            android:initOrder="100" />
211-->[com.google.firebase:firebase-common:19.5.0] AndroidManifest.xml:31:13-36
212
213        <receiver
213-->[com.google.android.gms:play-services-measurement:18.0.2] AndroidManifest.xml:29:9-33:20
214            android:name="com.google.android.gms.measurement.AppMeasurementReceiver"
214-->[com.google.android.gms:play-services-measurement:18.0.2] AndroidManifest.xml:30:13-85
215            android:enabled="true"
215-->[com.google.android.gms:play-services-measurement:18.0.2] AndroidManifest.xml:31:13-35
216            android:exported="false" >
216-->[com.google.android.gms:play-services-measurement:18.0.2] AndroidManifest.xml:32:13-37
217        </receiver>
218
219        <service
219-->[com.google.android.gms:play-services-measurement:18.0.2] AndroidManifest.xml:35:9-38:40
220            android:name="com.google.android.gms.measurement.AppMeasurementService"
220-->[com.google.android.gms:play-services-measurement:18.0.2] AndroidManifest.xml:36:13-84
221            android:enabled="true"
221-->[com.google.android.gms:play-services-measurement:18.0.2] AndroidManifest.xml:37:13-35
222            android:exported="false" />
222-->[com.google.android.gms:play-services-measurement:18.0.2] AndroidManifest.xml:38:13-37
223        <service
223-->[com.google.android.gms:play-services-measurement:18.0.2] AndroidManifest.xml:39:9-43:72
224            android:name="com.google.android.gms.measurement.AppMeasurementJobService"
224-->[com.google.android.gms:play-services-measurement:18.0.2] AndroidManifest.xml:40:13-87
225            android:enabled="true"
225-->[com.google.android.gms:play-services-measurement:18.0.2] AndroidManifest.xml:41:13-35
226            android:exported="false"
226-->[com.google.android.gms:play-services-measurement:18.0.2] AndroidManifest.xml:42:13-37
227            android:permission="android.permission.BIND_JOB_SERVICE" />
227-->[com.google.android.gms:play-services-measurement:18.0.2] AndroidManifest.xml:43:13-69
228
229        <meta-data
229-->[com.google.android.gms:play-services-basement:17.1.0] AndroidManifest.xml:23:9-25:69
230            android:name="com.google.android.gms.version"
230-->[com.google.android.gms:play-services-basement:17.1.0] AndroidManifest.xml:24:13-58
231            android:value="@integer/google_play_services_version" />
231-->[com.google.android.gms:play-services-basement:17.1.0] AndroidManifest.xml:25:13-66
232    </application>
233
234</manifest>